<?xml version="1.0" encoding="UTF-8"?>
<testng-results ignored="0" total="1" passed="1" failed="0" skipped="0">
  <reporter-output>
  </reporter-output>
  <suite started-at="2026-01-08T03:22:17 BDT" name="Default Suite" finished-at="2026-01-08T03:22:18 BDT" duration-ms="467">
    <groups>
    </groups>
    <test started-at="2026-01-08T03:22:17 BDT" name="seleniumTestNG-automation-suite" finished-at="2026-01-08T03:22:18 BDT" duration-ms="467">
      <class name="com.mashtura.tests.tests.LoginTest">
        <test-method signature="testLogin()[pri:0, instance:com.mashtura.tests.tests.LoginTest@1d3ac898]" started-at="2026-01-08T03:22:17 BDT" name="testLogin" finished-at="2026-01-08T03:22:18 BDT" duration-ms="445" status="PASS">
          <reporter-output>
          </reporter-output>
        </test-method> <!-- testLogin -->
      </class> <!-- com.mashtura.tests.tests.LoginTest -->
    </test> <!-- seleniumTestNG-automation-suite -->
  </suite> <!-- Default Suite -->
</testng-results>
